This is pdfTeX, Version 3.141592653-2.6-1.40.23 (TeX Live 2022/dev) (preloaded format=pdflatex 2022.2.28)  1 MAR 2022 18:30
entering extended mode
 restricted \write18 enabled.
 %&-line parsing enabled.
**Rotterpaper.tex
(./Rotterpaper.tex
LaTeX2e <2021-11-15> patch level 1
L3 programming layer <2022-02-24> (/Users/mushfiqulanwarsiraji/Library/TinyTeX/texmf-dist/tex/latex/apa6/apa6.cls
Document Class: apa6 2020/01/13 v2.34 APA formatting (6th edition)
(/Users/mushfiqulanwarsiraji/Library/TinyTeX/texmf-dist/tex/latex/base/article.cls
Document Class: article 2021/10/04 v1.4n Standard LaTeX document class
(/Users/mushfiqulanwarsiraji/Library/TinyTeX/texmf-dist/tex/latex/base/size12.clo
File: size12.clo 2021/10/04 v1.4n Standard LaTeX file (size option)
)
\c@part=\count185
\c@section=\count186
\c@subsection=\count187
\c@subsubsection=\count188
\c@paragraph=\count189
\c@subparagraph=\count190
\c@figure=\count191
\c@table=\count192
\abovecaptionskip=\skip47
\belowcaptionskip=\skip48
\bibindent=\dimen138
) (/Users/mushfiqulanwarsiraji/Library/TinyTeX/texmf-dist/tex/latex/etoolbox/etoolbox.sty
Package: etoolbox 2020/10/05 v2.5k e-TeX tools for LaTeX (JAW)
\etb@tempcnta=\count193
)
Class apa6 Info: No bibliography package was specified; defaulting to (but not loading) Biblatex on input line 213.
(/Users/mushfiqulanwarsiraji/Library/TinyTeX/texmf-dist/tex/latex/lm/lmodern.sty
Package: lmodern 2015/05/01 v1.6.1 Latin Modern Fonts
LaTeX Font Info:    Overwriting symbol font `operators' in version `normal'
(Font)                  OT1/cmr/m/n --> OT1/lmr/m/n on input line 22.
LaTeX Font Info:    Overwriting symbol font `letters' in version `normal'
(Font)                  OML/cmm/m/it --> OML/lmm/m/it on input line 23.
LaTeX Font Info:    Overwriting symbol font `symbols' in version `normal'
(Font)                  OMS/cmsy/m/n --> OMS/lmsy/m/n on input line 24.
LaTeX Font Info:    Overwriting symbol font `largesymbols' in version `normal'
(Font)                  OMX/cmex/m/n --> OMX/lmex/m/n on input line 25.
LaTeX Font Info:    Overwriting symbol font `operators' in version `bold'
(Font)                  OT1/cmr/bx/n --> OT1/lmr/bx/n on input line 26.
LaTeX Font Info:    Overwriting symbol font `letters' in version `bold'
(Font)                  OML/cmm/b/it --> OML/lmm/b/it on input line 27.
LaTeX Font Info:    Overwriting symbol font `symbols' in version `bold'
(Font)                  OMS/cmsy/b/n --> OMS/lmsy/b/n on input line 28.
LaTeX Font Info:    Overwriting symbol font `largesymbols' in version `bold'
(Font)                  OMX/cmex/m/n --> OMX/lmex/m/n on input line 29.
LaTeX Font Info:    Overwriting math alphabet `\mathbf' in version `normal'
(Font)                  OT1/cmr/bx/n --> OT1/lmr/bx/n on input line 31.
LaTeX Font Info:    Overwriting math alphabet `\mathsf' in version `normal'
(Font)                  OT1/cmss/m/n --> OT1/lmss/m/n on input line 32.
LaTeX Font Info:    Overwriting math alphabet `\mathit' in version `normal'
(Font)                  OT1/cmr/m/it --> OT1/lmr/m/it on input line 33.
LaTeX Font Info:    Overwriting math alphabet `\mathtt' in version `normal'
(Font)                  OT1/cmtt/m/n --> OT1/lmtt/m/n on input line 34.
LaTeX Font Info:    Overwriting math alphabet `\mathbf' in version `bold'
(Font)                  OT1/cmr/bx/n --> OT1/lmr/bx/n on input line 35.
LaTeX Font Info:    Overwriting math alphabet `\mathsf' in version `bold'
(Font)                  OT1/cmss/bx/n --> OT1/lmss/bx/n on input line 36.
LaTeX Font Info:    Overwriting math alphabet `\mathit' in version `bold'
(Font)                  OT1/cmr/bx/it --> OT1/lmr/bx/it on input line 37.
LaTeX Font Info:    Overwriting math alphabet `\mathtt' in version `bold'
(Font)                  OT1/cmtt/m/n --> OT1/lmtt/m/n on input line 38.
) (/Users/mushfiqulanwarsiraji/Library/TinyTeX/texmf-dist/tex/latex/base/fontenc.sty
Package: fontenc 2021/04/29 v2.0v Standard LaTeX package
LaTeX Font Info:    Trying to load font information for T1+lmr on input line 112.
(/Users/mushfiqulanwarsiraji/Library/TinyTeX/texmf-dist/tex/latex/lm/t1lmr.fd
File: t1lmr.fd 2015/05/01 v1.6.1 Font defs for Latin Modern
)) (/Users/mushfiqulanwarsiraji/Library/TinyTeX/texmf-dist/tex/latex/geometry/geometry.sty
Package: geometry 2020/01/02 v5.9 Page Geometry
(/Users/mushfiqulanwarsiraji/Library/TinyTeX/texmf-dist/tex/latex/graphics/keyval.sty
Package: keyval 2014/10/28 v1.15 key=value parser (DPC)
\KV@toks@=\toks16
) (/Users/mushfiqulanwarsiraji/Library/TinyTeX/texmf-dist/tex/generic/iftex/ifvtex.sty
Package: ifvtex 2019/10/25 v1.7 ifvtex legacy package. Use iftex instead.
(/Users/mushfiqulanwarsiraji/Library/TinyTeX/texmf-dist/tex/generic/iftex/iftex.sty
Package: iftex 2022/02/03 v1.0f TeX engine tests
))
\Gm@cnth=\count194
\Gm@cntv=\count195
\c@Gm@tempcnt=\count196
\Gm@bindingoffset=\dimen139
\Gm@wd@mp=\dimen140
\Gm@odd@mp=\dimen141
\Gm@even@mp=\dimen142
\Gm@layoutwidth=\dimen143
\Gm@layoutheight=\dimen144
\Gm@layouthoffset=\dimen145
\Gm@layoutvoffset=\dimen146
\Gm@dimlist=\toks17
) (/Users/mushfiqulanwarsiraji/Library/TinyTeX/texmf-dist/tex/latex/graphics/graphicx.sty
Package: graphicx 2021/09/16 v1.2d Enhanced LaTeX Graphics (DPC,SPQR)
(/Users/mushfiqulanwarsiraji/Library/TinyTeX/texmf-dist/tex/latex/graphics/graphics.sty
Package: graphics 2021/03/04 v1.4d Standard LaTeX Graphics (DPC,SPQR)
(/Users/mushfiqulanwarsiraji/Library/TinyTeX/texmf-dist/tex/latex/graphics/trig.sty
Package: trig 2021/08/11 v1.11 sin cos tan (DPC)
) (/Users/mushfiqulanwarsiraji/Library/TinyTeX/texmf-dist/tex/latex/graphics-cfg/graphics.cfg
File: graphics.cfg 2016/06/04 v1.11 sample graphics configuration
)
Package graphics Info: Driver file: pdftex.def on input line 107.
(/Users/mushfiqulanwarsiraji/Library/TinyTeX/texmf-dist/tex/latex/graphics-def/pdftex.def
File: pdftex.def 2020/10/05 v1.2a Graphics/color driver for pdftex
))
\Gin@req@height=\dimen147
\Gin@req@width=\dimen148
) (/Users/mushfiqulanwarsiraji/Library/TinyTeX/texmf-dist/tex/latex/booktabs/booktabs.sty
Package: booktabs 2020/01/12 v1.61803398 Publication quality tables
\heavyrulewidth=\dimen149
\lightrulewidth=\dimen150
\cmidrulewidth=\dimen151
\belowrulesep=\dimen152
\belowbottomsep=\dimen153
\aboverulesep=\dimen154
\abovetopsep=\dimen155
\cmidrulesep=\dimen156
\cmidrulekern=\dimen157
\defaultaddspace=\dimen158
\@cmidla=\count197
\@cmidlb=\count198
\@aboverulesep=\dimen159
\@belowrulesep=\dimen160
\@thisruleclass=\count199
\@lastruleclass=\count266
\@thisrulewidth=\dimen161
) (/Users/mushfiqulanwarsiraji/Library/TinyTeX/texmf-dist/tex/latex/threeparttable/threeparttable.sty
Package: threeparttable 2003/06/13  v 3.0
\@tempboxb=\box50
)
\b@level@one@skip=\skip49
\e@level@one@skip=\skip50
\b@level@two@skip=\skip51
\e@level@two@skip=\skip52
\b@level@three@skip=\skip53
\e@level@three@skip=\skip54
\b@level@four@skip=\skip55
\e@level@four@skip=\skip56
\b@level@five@skip=\skip57
\e@level@five@skip=\skip58
(/Users/mushfiqulanwarsiraji/Library/TinyTeX/texmf-dist/tex/latex/caption/caption.sty
Package: caption 2022/02/20 v3.6 Customizing captions (AR)
(/Users/mushfiqulanwarsiraji/Library/TinyTeX/texmf-dist/tex/latex/caption/caption3.sty
Package: caption3 2022/01/07 v2.3 caption3 kernel (AR)
\caption@tempdima=\dimen162
\captionmargin=\dimen163
\caption@leftmargin=\dimen164
\caption@rightmargin=\dimen165
\caption@width=\dimen166
\caption@indent=\dimen167
\caption@parindent=\dimen168
\caption@hangindent=\dimen169
Package caption Info: Standard document class detected.
)
\c@caption@flags=\count267
\c@continuedfloat=\count268
Package caption Info: threeparttable package is loaded.
)
\c@APAenum=\count269
\@text@par@indent=\skip59
\gr@box=\box51
\gr@boxwidth=\skip60
\gr@boxheight=\skip61
(/Users/mushfiqulanwarsiraji/Library/TinyTeX/texmf-dist/tex/latex/tools/bm.sty
Package: bm 2021/04/25 v1.2e Bold Symbol Support (DPC/FMi)
\symboldoperators=\mathgroup4
\symboldletters=\mathgroup5
\symboldsymbols=\mathgroup6
Package bm Info: No bold for \OMX/lmex/m/n, using \pmb.
LaTeX Font Info:    Redeclaring math alphabet \mathbf on input line 149.
)
\c@appendix=\count270
(/Users/mushfiqulanwarsiraji/Library/TinyTeX/texmf-dist/tex/latex/fancyhdr/fancyhdr.sty
Package: fancyhdr 2021/01/28 v4.0.1 Extensive control of page headers and footers
\f@nch@headwidth=\skip62
\f@nch@O@elh=\skip63
\f@nch@O@erh=\skip64
\f@nch@O@olh=\skip65
\f@nch@O@orh=\skip66
\f@nch@O@elf=\skip67
\f@nch@O@erf=\skip68
\f@nch@O@olf=\skip69
\f@nch@O@orf=\skip70
) (/Users/mushfiqulanwarsiraji/Library/TinyTeX/texmf-dist/tex/latex/endfloat/endfloat.sty
Package: endfloat 2019/04/15 v2.7 LaTeX2e package puts figures and tables at end (jdm)
\c@posttable=\count271
\efloat@postttt=\write3
\@ef@tttopen=\count272
\c@postfigure=\count273
\efloat@postfff=\write4
\@ef@fffopen=\count274
)) (/Users/mushfiqulanwarsiraji/Library/TinyTeX/texmf-dist/tex/latex/amsmath/amsmath.sty
Package: amsmath 2021/10/15 v2.17l AMS math features
\@mathmargin=\skip71
For additional information on amsmath, use the `?' option.
(/Users/mushfiqulanwarsiraji/Library/TinyTeX/texmf-dist/tex/latex/amsmath/amstext.sty
Package: amstext 2021/08/26 v2.01 AMS text
(/Users/mushfiqulanwarsiraji/Library/TinyTeX/texmf-dist/tex/latex/amsmath/amsgen.sty
File: amsgen.sty 1999/11/30 v2.0 generic functions
\@emptytoks=\toks18
\ex@=\dimen170
)) (/Users/mushfiqulanwarsiraji/Library/TinyTeX/texmf-dist/tex/latex/amsmath/amsbsy.sty
Package: amsbsy 1999/11/29 v1.2d Bold Symbols
LaTeX Info: Redefining \boldsymbol on input line 28.
\pmbraise@=\dimen171
) (/Users/mushfiqulanwarsiraji/Library/TinyTeX/texmf-dist/tex/latex/amsmath/amsopn.sty
Package: amsopn 2021/08/26 v2.02 operator names
)
\inf@bad=\count275
LaTeX Info: Redefining \frac on input line 234.
\uproot@=\count276
\leftroot@=\count277
LaTeX Info: Redefining \overline on input line 399.
\classnum@=\count278
\DOTSCASE@=\count279
LaTeX Info: Redefining \ldots on input line 496.
LaTeX Info: Redefining \dots on input line 499.
LaTeX Info: Redefining \cdots on input line 620.
\Mathstrutbox@=\box52
\strutbox@=\box53
\big@size=\dimen172
LaTeX Font Info:    Redeclaring font encoding OML on input line 743.
LaTeX Font Info:    Redeclaring font encoding OMS on input line 744.
\macc@depth=\count280
\c@MaxMatrixCols=\count281
\dotsspace@=\muskip16
\c@parentequation=\count282
\dspbrk@lvl=\count283
\tag@help=\toks19
\row@=\count284
\column@=\count285
\maxfields@=\count286
\andhelp@=\toks20
\eqnshift@=\dimen173
\alignsep@=\dimen174
\tagshift@=\dimen175
\tagwidth@=\dimen176
\totwidth@=\dimen177
\lineht@=\dimen178
\@envbody=\toks21
\multlinegap=\skip72
\multlinetaggap=\skip73
\mathdisplay@stack=\toks22
LaTeX Info: Redefining \[ on input line 2938.
LaTeX Info: Redefining \] on input line 2939.
) (/Users/mushfiqulanwarsiraji/Library/TinyTeX/texmf-dist/tex/latex/amsfonts/amssymb.sty
Package: amssymb 2013/01/14 v3.01 AMS font symbols
(/Users/mushfiqulanwarsiraji/Library/TinyTeX/texmf-dist/tex/latex/amsfonts/amsfonts.sty
Package: amsfonts 2013/01/14 v3.01 Basic AMSFonts support
\symAMSa=\mathgroup7
\symAMSb=\mathgroup8
LaTeX Font Info:    Redeclaring math symbol \hbar on input line 98.
LaTeX Font Info:    Overwriting math alphabet `\mathfrak' in version `bold'
(Font)                  U/euf/m/n --> U/euf/b/n on input line 106.
)) (/Users/mushfiqulanwarsiraji/Library/TinyTeX/texmf-dist/tex/latex/base/fontenc.sty
Package: fontenc 2021/04/29 v2.0v Standard LaTeX package
) (/Users/mushfiqulanwarsiraji/Library/TinyTeX/texmf-dist/tex/latex/base/inputenc.sty
Package: inputenc 2021/02/14 v1.3d Input encoding file
\inpenc@prehook=\toks23
\inpenc@posthook=\toks24
) (/Users/mushfiqulanwarsiraji/Library/TinyTeX/texmf-dist/tex/latex/base/textcomp.sty
Package: textcomp 2020/02/02 v2.0n Standard LaTeX package
) (/Users/mushfiqulanwarsiraji/Library/TinyTeX/texmf-dist/tex/latex/xcolor/xcolor.sty
Package: xcolor 2021/10/31 v2.13 LaTeX color extensions (UK)
(/Users/mushfiqulanwarsiraji/Library/TinyTeX/texmf-dist/tex/latex/graphics-cfg/color.cfg
File: color.cfg 2016/01/02 v1.6 sample color configuration
)
Package xcolor Info: Driver file: pdftex.def on input line 227.
Package xcolor Info: Model `cmy' substituted by `cmy0' on input line 1352.
Package xcolor Info: Model `hsb' substituted by `rgb' on input line 1356.
Package xcolor Info: Model `RGB' extended on input line 1368.
Package xcolor Info: Model `HTML' substituted by `rgb' on input line 1370.
Package xcolor Info: Model `Hsb' substituted by `hsb' on input line 1371.
Package xcolor Info: Model `tHsb' substituted by `hsb' on input line 1372.
Package xcolor Info: Model `HSB' substituted by `hsb' on input line 1373.
Package xcolor Info: Model `Gray' substituted by `gray' on input line 1374.
Package xcolor Info: Model `wave' substituted by `hsb' on input line 1375.
) (/Users/mushfiqulanwarsiraji/Library/TinyTeX/texmf-dist/tex/latex/hyperref/hyperref.sty
Package: hyperref 2022-02-21 v7.00n Hypertext links for LaTeX
(/Users/mushfiqulanwarsiraji/Library/TinyTeX/texmf-dist/tex/generic/ltxcmds/ltxcmds.sty
Package: ltxcmds 2020-05-10 v1.25 LaTeX kernel commands for general use (HO)
) (/Users/mushfiqulanwarsiraji/Library/TinyTeX/texmf-dist/tex/generic/pdftexcmds/pdftexcmds.sty
Package: pdftexcmds 2020-06-27 v0.33 Utility functions of pdfTeX for LuaTeX (HO)
(/Users/mushfiqulanwarsiraji/Library/TinyTeX/texmf-dist/tex/generic/infwarerr/infwarerr.sty
Package: infwarerr 2019/12/03 v1.5 Providing info/warning/error messages (HO)
)
Package pdftexcmds Info: \pdf@primitive is available.
Package pdftexcmds Info: \pdf@ifprimitive is available.
Package pdftexcmds Info: \pdfdraftmode found.
) (/Users/mushfiqulanwarsiraji/Library/TinyTeX/texmf-dist/tex/generic/kvsetkeys/kvsetkeys.sty
Package: kvsetkeys 2019/12/15 v1.18 Key value parser (HO)
) (/Users/mushfiqulanwarsiraji/Library/TinyTeX/texmf-dist/tex/generic/kvdefinekeys/kvdefinekeys.sty
Package: kvdefinekeys 2019-12-19 v1.6 Define keys (HO)
) (/Users/mushfiqulanwarsiraji/Library/TinyTeX/texmf-dist/tex/generic/pdfescape/pdfescape.sty
Package: pdfescape 2019/12/09 v1.15 Implements pdfTeX's escape features (HO)
) (/Users/mushfiqulanwarsiraji/Library/TinyTeX/texmf-dist/tex/latex/hycolor/hycolor.sty
Package: hycolor 2020-01-27 v1.10 Color options for hyperref/bookmark (HO)
) (/Users/mushfiqulanwarsiraji/Library/TinyTeX/texmf-dist/tex/latex/letltxmacro/letltxmacro.sty
Package: letltxmacro 2019/12/03 v1.6 Let assignment for LaTeX macros (HO)
) (/Users/mushfiqulanwarsiraji/Library/TinyTeX/texmf-dist/tex/latex/auxhook/auxhook.sty
Package: auxhook 2019-12-17 v1.6 Hooks for auxiliary files (HO)
) (/Users/mushfiqulanwarsiraji/Library/TinyTeX/texmf-dist/tex/latex/kvoptions/kvoptions.sty
Package: kvoptions 2020-10-07 v3.14 Key value format for package options (HO)
)
\@linkdim=\dimen179
\Hy@linkcounter=\count287
\Hy@pagecounter=\count288
(/Users/mushfiqulanwarsiraji/Library/TinyTeX/texmf-dist/tex/latex/hyperref/pd1enc.def
File: pd1enc.def 2022-02-21 v7.00n Hyperref: PDFDocEncoding definition (HO)
Now handling font encoding PD1 ...
... no UTF-8 mapping file for font encoding PD1
) (/Users/mushfiqulanwarsiraji/Library/TinyTeX/texmf-dist/tex/generic/intcalc/intcalc.sty
Package: intcalc 2019/12/15 v1.3 Expandable calculations with integers (HO)
) (/Users/mushfiqulanwarsiraji/Library/TinyTeX/texmf-dist/tex/generic/etexcmds/etexcmds.sty
Package: etexcmds 2019/12/15 v1.7 Avoid name clashes with e-TeX commands (HO)
)
\Hy@SavedSpaceFactor=\count289
(/Users/mushfiqulanwarsiraji/Library/TinyTeX/texmf-dist/tex/latex/hyperref/puenc.def
File: puenc.def 2022-02-21 v7.00n Hyperref: PDF Unicode definition (HO)
Now handling font encoding PU ...
... no UTF-8 mapping file for font encoding PU
)
Package hyperref Info: Option `unicode' set `true' on input line 4018.
Package hyperref Info: Hyper figures OFF on input line 4137.
Package hyperref Info: Link nesting OFF on input line 4142.
Package hyperref Info: Hyper index ON on input line 4145.
Package hyperref Info: Plain pages OFF on input line 4152.
Package hyperref Info: Backreferencing OFF on input line 4157.
Package hyperref Info: Implicit mode ON; LaTeX internals redefined.
Package hyperref Info: Bookmarks ON on input line 4390.
\c@Hy@tempcnt=\count290
(/Users/mushfiqulanwarsiraji/Library/TinyTeX/texmf-dist/tex/latex/url/url.sty
\Urlmuskip=\muskip17
Package: url 2013/09/16  ver 3.4  Verb mode for urls, etc.
)
LaTeX Info: Redefining \url on input line 4749.
\XeTeXLinkMargin=\dimen180
(/Users/mushfiqulanwarsiraji/Library/TinyTeX/texmf-dist/tex/generic/bitset/bitset.sty
Package: bitset 2019/12/09 v1.3 Handle bit-vector datatype (HO)
(/Users/mushfiqulanwarsiraji/Library/TinyTeX/texmf-dist/tex/generic/bigintcalc/bigintcalc.sty
Package: bigintcalc 2019/12/15 v1.5 Expandable calculations on big integers (HO)
))
\Fld@menulength=\count291
\Field@Width=\dimen181
\Fld@charsize=\dimen182
Package hyperref Info: Hyper figures OFF on input line 6027.
Package hyperref Info: Link nesting OFF on input line 6032.
Package hyperref Info: Hyper index ON on input line 6035.
Package hyperref Info: backreferencing OFF on input line 6042.
Package hyperref Info: Link coloring OFF on input line 6047.
Package hyperref Info: Link coloring with OCG OFF on input line 6052.
Package hyperref Info: PDF/A mode OFF on input line 6057.
LaTeX Info: Redefining \ref on input line 6097.
LaTeX Info: Redefining \pageref on input line 6101.
(/Users/mushfiqulanwarsiraji/Library/TinyTeX/texmf-dist/tex/latex/base/atbegshi-ltx.sty
Package: atbegshi-ltx 2021/01/10 v1.0c Emulation of the original atbegshi
package with kernel methods
)
\Hy@abspage=\count292
\c@Item=\count293
\c@Hfootnote=\count294
)
Package hyperref Info: Driver (autodetected): hpdftex.
(/Users/mushfiqulanwarsiraji/Library/TinyTeX/texmf-dist/tex/latex/hyperref/hpdftex.def
File: hpdftex.def 2022-02-21 v7.00n Hyperref driver for pdfTeX
(/Users/mushfiqulanwarsiraji/Library/TinyTeX/texmf-dist/tex/latex/base/atveryend-ltx.sty
Package: atveryend-ltx 2020/08/19 v1.0a Emulation of the original atveryend package
with kernel methods
)
\Fld@listcount=\count295
\c@bookmark@seq@number=\count296
(/Users/mushfiqulanwarsiraji/Library/TinyTeX/texmf-dist/tex/latex/rerunfilecheck/rerunfilecheck.sty
Package: rerunfilecheck 2019/12/05 v1.9 Rerun checks for auxiliary files (HO)
(/Users/mushfiqulanwarsiraji/Library/TinyTeX/texmf-dist/tex/generic/uniquecounter/uniquecounter.sty
Package: uniquecounter 2019/12/15 v1.4 Provide unlimited unique counter (HO)
)
Package uniquecounter Info: New unique counter `rerunfilecheck' on input line 286.
)
\Hy@SectionHShift=\skip74
)
\cslhangindent=\skip75
\csllabelwidth=\skip76
\cslentryspacingunit=\skip77
(/Users/mushfiqulanwarsiraji/Library/TinyTeX/texmf-dist/tex/latex/tools/calc.sty
Package: calc 2017/05/25 v4.3 Infix arithmetic (KKT,FJ)
\calc@Acount=\count297
\calc@Bcount=\count298
\calc@Adimen=\dimen183
\calc@Bdimen=\dimen184
\calc@Askip=\skip78
\calc@Bskip=\skip79
LaTeX Info: Redefining \setlength on input line 80.
LaTeX Info: Redefining \addtolength on input line 81.
\calc@Ccount=\count299
\calc@Cskip=\skip80
) (/Users/mushfiqulanwarsiraji/Library/TinyTeX/texmf-dist/tex/latex/was/upgreek.sty
Package: upgreek 2003/02/12 v2.0 (WaS)
Package upgreek Info: Using Euler Roman for upright Greek on input line 31.
\symugrf@m=\mathgroup9
LaTeX Font Info:    Overwriting symbol font `ugrf@m' in version `bold'
(Font)                  U/eur/m/n --> U/eur/b/n on input line 38.
) (/Users/mushfiqulanwarsiraji/Library/TinyTeX/texmf-dist/tex/latex/tools/longtable.sty
Package: longtable 2021-09-01 v4.17 Multi-page Table package (DPC)
\LTleft=\skip81
\LTright=\skip82
\LTpre=\skip83
\LTpost=\skip84
\LTchunksize=\count300
\LTcapwidth=\dimen185
\LT@head=\box54
\LT@firsthead=\box55
\LT@foot=\box56
\LT@lastfoot=\box57
\LT@gbox=\box58
\LT@cols=\count301
\LT@rows=\count302
\c@LT@tables=\count303
\c@LT@chunks=\count304
\LT@p@ftn=\toks25
) (/Users/mushfiqulanwarsiraji/Library/TinyTeX/texmf-dist/tex/latex/graphics/lscape.sty
Package: lscape 2020/05/28 v3.02 Landscape Pages (DPC)
) (/Users/mushfiqulanwarsiraji/Library/TinyTeX/texmf-dist/tex/latex/multirow/multirow.sty
Package: multirow 2021/03/15 v2.8 Span multiple rows of a table
\multirow@colwidth=\skip85
\multirow@cntb=\count305
\multirow@dima=\skip86
\bigstrutjot=\dimen186
) (/Users/mushfiqulanwarsiraji/Library/TinyTeX/texmf-dist/tex/latex/tools/tabularx.sty
Package: tabularx 2020/01/15 v2.11c `tabularx' package (DPC)
(/Users/mushfiqulanwarsiraji/Library/TinyTeX/texmf-dist/tex/latex/tools/array.sty
Package: array 2021/10/04 v2.5f Tabular extension package (FMi)
\col@sep=\dimen187
\ar@mcellbox=\box59
\extrarowheight=\dimen188
\NC@list=\toks26
\extratabsurround=\skip87
\backup@length=\skip88
\ar@cellbox=\box60
)
\TX@col@width=\dimen189
\TX@old@table=\dimen190
\TX@old@col=\dimen191
\TX@target=\dimen192
\TX@delta=\dimen193
\TX@cols=\count306
\TX@ftn=\toks27
) (/Users/mushfiqulanwarsiraji/Library/TinyTeX/texmf-dist/tex/latex/threeparttablex/threeparttablex.sty
Package: threeparttablex 2013/07/23 v0.3 by daleif
(/Users/mushfiqulanwarsiraji/Library/TinyTeX/texmf-dist/tex/latex/environ/environ.sty
Package: environ 2014/05/04 v0.3 A new way to define environments
(/Users/mushfiqulanwarsiraji/Library/TinyTeX/texmf-dist/tex/latex/trimspaces/trimspaces.sty
Package: trimspaces 2009/09/17 v1.1 Trim spaces around a token list
))
\TPTL@width=\skip89
)
\longtablewidth=\skip90
(/Users/mushfiqulanwarsiraji/Library/TinyTeX/texmf-dist/tex/latex/lineno/lineno.sty
Package: lineno 2005/11/02 line numbers on paragraphs v4.41
\linenopenalty=\count307
\output=\toks28
\linenoprevgraf=\count308
\linenumbersep=\dimen194
\linenumberwidth=\dimen195
\c@linenumber=\count309
\c@pagewiselinenumber=\count310
\c@LN@truepage=\count311
\c@internallinenumber=\count312
\c@internallinenumbers=\count313
\quotelinenumbersep=\dimen196
\bframerule=\dimen197
\bframesep=\dimen198
\bframebox=\box61
LaTeX Info: Redefining \\ on input line 3056.
) (/Users/mushfiqulanwarsiraji/Library/TinyTeX/texmf-dist/tex/latex/csquotes/csquotes.sty
Package: csquotes 2021-02-22 v5.2l context-sensitive quotations (JAW)
\csq@reset=\count314
\csq@gtype=\count315
\csq@glevel=\count316
\csq@qlevel=\count317
\csq@maxlvl=\count318
\csq@tshold=\count319
\csq@ltx@everypar=\toks29
(/Users/mushfiqulanwarsiraji/Library/TinyTeX/texmf-dist/tex/latex/csquotes/csquotes.def
File: csquotes.def 2021-02-22 v5.2l csquotes generic definitions (JAW)
)
Package csquotes Info: Trying to load configuration file 'csquotes.cfg'...
Package csquotes Info: ... configuration file loaded successfully.
(/Users/mushfiqulanwarsiraji/Library/TinyTeX/texmf-dist/tex/latex/csquotes/csquotes.cfg
File: csquotes.cfg 
)) (/Users/mushfiqulanwarsiraji/Library/TinyTeX/texmf-dist/tex/generic/babel/babel.sty
Package: babel 2022/02/26 3.73 The Babel package
\babel@savecnt=\count320
\U@D=\dimen199
\l@unhyphenated=\language3
(/Users/mushfiqulanwarsiraji/Library/TinyTeX/texmf-dist/tex/generic/babel/txtbabel.def)
\bbl@readstream=\read2
\bbl@dirlevel=\count321
Package babel Info: Main language set with 'main='. Except if you have
(babel)             problems, prefer the default mechanism for setting
(babel)             the main language. Reported on input line 4219.
(/Users/mushfiqulanwarsiraji/Library/TinyTeX/texmf-dist/tex/generic/babel-english/english.ldf
Language: english 2017/06/06 v3.3r English support from the babel system
Package babel Info: Hyphen rules for 'british' set to \l@english
(babel)             (\language0). Reported on input line 82.
Package babel Info: Hyphen rules for 'UKenglish' set to \l@english
(babel)             (\language0). Reported on input line 83.
Package babel Info: Hyphen rules for 'canadian' set to \l@english
(babel)             (\language0). Reported on input line 102.
Package babel Info: Hyphen rules for 'australian' set to \l@english
(babel)             (\language0). Reported on input line 105.
Package babel Info: Hyphen rules for 'newzealand' set to \l@english
(babel)             (\language0). Reported on input line 108.
))
Package csquotes Info: Checking for multilingual support...
Package csquotes Info: ... found 'babel' package.
Package csquotes Info: Adjusting default style.
Package csquotes Info: Redefining alias 'default' -> 'english'.
(/Users/mushfiqulanwarsiraji/Library/TinyTeX/texmf-dist/tex/latex/l3backend/l3backend-pdftex.def
File: l3backend-pdftex.def 2022-02-07 L3 backend support: PDF output (pdfTeX)
\l__color_backend_stack_int=\count322
\l__pdf_internal_box=\box62
) (./Rotterpaper.aux)
\openout1 = `Rotterpaper.aux'.

LaTeX Font Info:    Checking defaults for OML/cmm/m/it on input line 191.
LaTeX Font Info:    ... okay on input line 191.
LaTeX Font Info:    Checking defaults for OMS/cmsy/m/n on input line 191.
LaTeX Font Info:    ... okay on input line 191.
LaTeX Font Info:    Checking defaults for OT1/cmr/m/n on input line 191.
LaTeX Font Info:    ... okay on input line 191.
LaTeX Font Info:    Checking defaults for T1/cmr/m/n on input line 191.
LaTeX Font Info:    ... okay on input line 191.
LaTeX Font Info:    Checking defaults for TS1/cmr/m/n on input line 191.
LaTeX Font Info:    ... okay on input line 191.
LaTeX Font Info:    Checking defaults for OMX/cmex/m/n on input line 191.
LaTeX Font Info:    ... okay on input line 191.
LaTeX Font Info:    Checking defaults for U/cmr/m/n on input line 191.
LaTeX Font Info:    ... okay on input line 191.
LaTeX Font Info:    Checking defaults for PD1/pdf/m/n on input line 191.
LaTeX Font Info:    ... okay on input line 191.
LaTeX Font Info:    Checking defaults for PU/pdf/m/n on input line 191.
LaTeX Font Info:    ... okay on input line 191.
*geometry* driver: auto-detecting
*geometry* detected driver: pdftex
*geometry* verbose mode - [ preamble ] result:
* driver: pdftex
* paper: <default>
* layout: <same size as paper>
* layoutoffset:(h,v)=(0.0pt,0.0pt)
* modes: twoside 
* h-part:(L,W,R)=(72.26999pt, 469.75502pt, 72.26999pt)
* v-part:(T,H,B)=(72.26999pt, 650.43001pt, 72.26999pt)
* \paperwidth=614.295pt
* \paperheight=794.96999pt
* \textwidth=469.75502pt
* \textheight=650.43001pt
* \oddsidemargin=0.0pt
* \evensidemargin=0.0pt
* \topmargin=-37.0pt
* \headheight=15.2pt
* \headsep=25.0pt
* \topskip=12.0pt
* \footskip=30.0pt
* \marginparwidth=95.0pt
* \marginparsep=10.0pt
* \columnsep=10.0pt
* \skip\footins=10.8pt plus 4.0pt minus 2.0pt
* \hoffset=0.0pt
* \voffset=0.0pt
* \mag=1000
* \@twocolumnfalse
* \@twosidetrue
* \@mparswitchtrue
* \@reversemarginfalse
* (1in=72.27pt=25.4mm, 1cm=28.453pt)

(/Users/mushfiqulanwarsiraji/Library/TinyTeX/texmf-dist/tex/latex/epstopdf-pkg/epstopdf-base.sty
Package: epstopdf-base 2020-01-24 v2.11 Base part for package epstopdf
(/Users/mushfiqulanwarsiraji/Library/TinyTeX/texmf-dist/tex/latex/grfext/grfext.sty
Package: grfext 2019/12/03 v1.3 Manage graphics extensions (HO)
)
Package epstopdf-base Info: Redefining graphics rule for `.eps' on input line 485.
Package grfext Info: Graphics extension search list:
(grfext)             [.pdf,.png,.jpg,.mps,.jpeg,.jbig2,.jb2,.PDF,.PNG,.JPG,.JPEG,.JBIG2,.JB2,.eps]
(grfext)             \AppendGraphicsExtensions on input line 504.
(/Users/mushfiqulanwarsiraji/Library/TinyTeX/texmf-dist/tex/latex/latexconfig/epstopdf-sys.cfg
File: epstopdf-sys.cfg 2010/07/13 v1.3 Configuration of (r)epstopdf for TeX Live
)) (/Users/mushfiqulanwarsiraji/Library/TinyTeX/texmf-dist/tex/latex/apa6/config/APAamerican.txt
File: APAamerican.txt 2012/02/23 v1.25 apa6 configuration for American English
)
Package caption Info: Begin \AtBeginDocument code.
Package caption Info: hyperref package is loaded.
Package caption Info: longtable package is loaded.
(/Users/mushfiqulanwarsiraji/Library/TinyTeX/texmf-dist/tex/latex/caption/ltcaption.sty
Package: ltcaption 2021/01/08 v1.4c longtable captions (AR)
)
Package caption Info: End \AtBeginDocument code.
Package hyperref Info: Link coloring OFF on input line 191.
(/Users/mushfiqulanwarsiraji/Library/TinyTeX/texmf-dist/tex/latex/hyperref/nameref.sty
Package: nameref 2021-04-02 v2.47 Cross-referencing by name of section
(/Users/mushfiqulanwarsiraji/Library/TinyTeX/texmf-dist/tex/latex/refcount/refcount.sty
Package: refcount 2019/12/15 v3.6 Data extraction from label references (HO)
) (/Users/mushfiqulanwarsiraji/Library/TinyTeX/texmf-dist/tex/generic/gettitlestring/gettitlestring.sty
Package: gettitlestring 2019/12/15 v1.6 Cleanup title references (HO)
)
\c@section@level=\count323
)
LaTeX Info: Redefining \ref on input line 191.
LaTeX Info: Redefining \pageref on input line 191.
LaTeX Info: Redefining \nameref on input line 191.
(./Rotterpaper.out) (./Rotterpaper.out)
\@outlinefile=\write5
\openout5 = `Rotterpaper.out'.

LaTeX Font Info:    Trying to load font information for T1+lmss on input line 193.
(/Users/mushfiqulanwarsiraji/Library/TinyTeX/texmf-dist/tex/latex/lm/t1lmss.fd
File: t1lmss.fd 2015/05/01 v1.6.1 Font defs for Latin Modern
)
LaTeX Font Info:    Trying to load font information for OT1+lmr on input line 193.
(/Users/mushfiqulanwarsiraji/Library/TinyTeX/texmf-dist/tex/latex/lm/ot1lmr.fd
File: ot1lmr.fd 2015/05/01 v1.6.1 Font defs for Latin Modern
)
LaTeX Font Info:    Trying to load font information for OML+lmm on input line 193.
(/Users/mushfiqulanwarsiraji/Library/TinyTeX/texmf-dist/tex/latex/lm/omllmm.fd
File: omllmm.fd 2015/05/01 v1.6.1 Font defs for Latin Modern
)
LaTeX Font Info:    Trying to load font information for OMS+lmsy on input line 193.
(/Users/mushfiqulanwarsiraji/Library/TinyTeX/texmf-dist/tex/latex/lm/omslmsy.fd
File: omslmsy.fd 2015/05/01 v1.6.1 Font defs for Latin Modern
)
LaTeX Font Info:    Trying to load font information for OMX+lmex on input line 193.
(/Users/mushfiqulanwarsiraji/Library/TinyTeX/texmf-dist/tex/latex/lm/omxlmex.fd
File: omxlmex.fd 2015/05/01 v1.6.1 Font defs for Latin Modern
)
LaTeX Font Info:    External font `lmex10' loaded for size
(Font)              <12> on input line 193.
LaTeX Font Info:    External font `lmex10' loaded for size
(Font)              <8> on input line 193.
LaTeX Font Info:    External font `lmex10' loaded for size
(Font)              <6> on input line 193.
LaTeX Font Info:    Trying to load font information for U+msa on input line 193.
(/Users/mushfiqulanwarsiraji/Library/TinyTeX/texmf-dist/tex/latex/amsfonts/umsa.fd
File: umsa.fd 2013/01/14 v3.01 AMS symbols A
)
LaTeX Font Info:    Trying to load font information for U+msb on input line 193.
(/Users/mushfiqulanwarsiraji/Library/TinyTeX/texmf-dist/tex/latex/amsfonts/umsb.fd
File: umsb.fd 2013/01/14 v3.01 AMS symbols B
) [1{/Users/mushfiqulanwarsiraji/Library/TinyTeX/texmf-var/fonts/map/pdftex/updmap/pdftex.map}

] [2] [3] [4]
Underfull \vbox (badness 7649) has occurred while \output is active []

[5]
Underfull \vbox (badness 7649) has occurred while \output is active []

[6]
LaTeX Font Info:    Trying to load font information for TS1+lmr on input line 216.
(/Users/mushfiqulanwarsiraji/Library/TinyTeX/texmf-dist/tex/latex/lm/ts1lmr.fd
File: ts1lmr.fd 2015/05/01 v1.6.1 Font defs for Latin Modern
) [7] [8]
Underfull \vbox (badness 2189) has occurred while \output is active []

[9]
\openout3 = `Rotterpaper.ttt'.

(Rotterpaper.ttt)
\openout4 = `Rotterpaper.fff'.

(Rotterpaper.fff) [10]
Underfull \vbox (badness 7649) has occurred while \output is active []

[11] [12] [13] [14]

LaTeX Warning: Reference `tab:tabvalidity' on page 15 undefined on input line 538.

[15]

LaTeX Warning: Reference `fig:IIC' on page 16 undefined on input line 583.

[16]
<Rotterpaper_files/figure-latex/irt-plots-1.png, id=233, 3914.625pt x 2710.125pt>
File: Rotterpaper_files/figure-latex/irt-plots-1.png Graphic file (type png)
<use Rotterpaper_files/figure-latex/irt-plots-1.png>
Package pdftex.def Info: Rotterpaper_files/figure-latex/irt-plots-1.png  used on input line 585.
(pdftex.def)             Requested size: 469.73474pt x 325.20097pt.

Overfull \hbox (28.88727pt too wide) in paragraph at lines 585--586
[][]  
 []


LaTeX Warning: Reference `fig:IIC' on page 17 undefined on input line 587.


LaTeX Warning: Reference `fig:figTIC' on page 17 undefined on input line 587.


Underfull \vbox (badness 1527) has occurred while \output is active []

[17 <./Rotterpaper_files/figure-latex/irt-plots-1.png>] [18]
Underfull \vbox (badness 7649) has occurred while \output is active []

[19] [20] [21]
Underfull \vbox (badness 1028) has occurred while \output is active []

[22]
Underfull \vbox (badness 10000) has occurred while \output is active []

[23]
Underfull \vbox (badness 10000) has occurred while \output is active []

[24]
Underfull \vbox (badness 10000) has occurred while \output is active []

[25]
Underfull \vbox (badness 10000) has occurred while \output is active []

[26]
Underfull \vbox (badness 10000) has occurred while \output is active []

[27]
LaTeX Font Info:    Trying to load font information for T1+lmtt on input line 848.
(/Users/mushfiqulanwarsiraji/Library/TinyTeX/texmf-dist/tex/latex/lm/t1lmtt.fd
File: t1lmtt.fd 2015/05/01 v1.6.1 Font defs for Latin Modern
)
Underfull \vbox (badness 10000) has occurred while \output is active []

[28]
Underfull \vbox (badness 10000) has occurred while \output is active []

[29]
Underfull \vbox (badness 10000) has occurred while \output is active []

[30]
Underfull \vbox (badness 10000) has occurred while \output is active []

[31]
Underfull \vbox (badness 10000) has occurred while \output is active []

[32]
Underfull \vbox (badness 10000) has occurred while \output is active []

[33]
Underfull \vbox (badness 10000) has occurred while \output is active []

[34]
Underfull \vbox (badness 10000) has occurred while \output is active []

[35]
Underfull \vbox (badness 10000) has occurred while \output is active []

[36] AED endfloat: Processing end Figures and Tables [37] (./Rotterpaper.ttt

LaTeX Warning: Float too large for page by 1.28986pt on input line 43.

[38] [39]
Overfull \hbox (213.39021pt too wide) in paragraph at lines 77--77
[] [] 
 []


Overfull \hbox (426.78043pt too wide) in alignment at lines 76--81
 [] [] [] [] [] [] [] [] [] [] [] [] [] [] [] [] [] [] [] [] [] [] [] [] 
 []


Overfull \hbox (213.39021pt too wide) in paragraph at lines 82--82
[] [] 
 []


Overfull \hbox (426.78043pt too wide) in alignment at lines 81--86
 [] [] [] [] [] [] [] [] [] [] [] [] [] [] [] [] [] [] [] [] [] [] [] [] 
 []


Overfull \hbox (426.78043pt too wide) in alignment at lines 86--111
 [] [] [] [] [] [] [] [] [] [] [] [] [] [] [] [] [] [] [] [] [] [] [] [] 
 []

[40




] [41]
Overfull \hbox (50.24147pt too wide) in paragraph at lines 187--200
 [] 
 []

) [42

] [43] [44] (./Rotterpaper.fff
<figures/600/corplot.pdf, id=651, 252.945pt x 252.945pt>
File: figures/600/corplot.pdf Graphic file (type pdf)
<use figures/600/corplot.pdf>
Package pdftex.def Info: figures/600/corplot.pdf  used on input line 5.
(pdftex.def)             Requested size: 469.76653pt x 469.76653pt.
<Figures/600/factors.pdf, id=652, 252.945pt x 505.89pt>
File: Figures/600/factors.pdf Graphic file (type pdf)
<use Figures/600/factors.pdf>
Package pdftex.def Info: Figures/600/factors.pdf  used on input line 15.
(pdftex.def)             Requested size: 325.22357pt x 650.44713pt.

LaTeX Warning: Float too large for page by 34.01459pt on input line 20.

<Rotterpaper_files/figure-latex/figcfa-1.png, id=653, 3914.625pt x 2710.125pt>
File: Rotterpaper_files/figure-latex/figcfa-1.png Graphic file (type png)
<use Rotterpaper_files/figure-latex/figcfa-1.png>
Package pdftex.def Info: Rotterpaper_files/figure-latex/figcfa-1.png  used on input line 24.
(pdftex.def)             Requested size: 234.86737pt x 162.60048pt.
<Rotterpaper_files/figure-latex/figcfa-2.png, id=654, 3914.625pt x 2710.125pt>
File: Rotterpaper_files/figure-latex/figcfa-2.png Graphic file (type png)
<use Rotterpaper_files/figure-latex/figcfa-2.png>
Package pdftex.def Info: Rotterpaper_files/figure-latex/figcfa-2.png  used on input line 24.
(pdftex.def)             Requested size: 234.86737pt x 162.60048pt.

Overfull \hbox (2.59079pt too wide) in paragraph at lines 24--24
[][] [] 
 []

<Figures/600/personfit.pdf, id=655, 252.945pt x 252.945pt>
File: Figures/600/personfit.pdf Graphic file (type pdf)
<use Figures/600/personfit.pdf>
Package pdftex.def Info: Figures/600/personfit.pdf  used on input line 29.
(pdftex.def)             Requested size: 252.94823pt x 252.94823pt.
<Figures/600/ifc.pdf, id=656, 505.89pt x 578.16pt>
File: Figures/600/ifc.pdf Graphic file (type pdf)
<use Figures/600/ifc.pdf>
Package pdftex.def Info: Figures/600/ifc.pdf  used on input line 34.
(pdftex.def)             Requested size: 505.89645pt x 578.1674pt.

Overfull \hbox (36.14143pt too wide) in paragraph at lines 34--34
[][] 
 []

<Figures/600/icc_tic.pdf, id=657, 505.89pt x 505.89pt>
File: Figures/600/icc_tic.pdf Graphic file (type pdf)
<use Figures/600/icc_tic.pdf>
Package pdftex.def Info: Figures/600/icc_tic.pdf  used on input line 39.
(pdftex.def)             Requested size: 505.89645pt x 505.89645pt.

Overfull \hbox (36.14143pt too wide) in paragraph at lines 39--39
[][] 
 []

) [45

 <./figures/600/corplot.pdf>] [46 <./Figures/600/factors.pdf>] [47 <./Rotterpaper_files/figure-latex/figcfa-1.png> <./Rotterpaper_files/figure-latex/figcfa-2.png> <./Figures/600/personfit.pdf>] [48 <./Figures/600/ifc.pdf>] [49 <./Figures/600/icc_tic.pdf>] (./Rotterpaper.aux)

LaTeX Warning: There were undefined references.

Package rerunfilecheck Info: File `Rotterpaper.out' has not changed.
(rerunfilecheck)             Checksum: A5CA2443C46AC4BC784222ACB8CDE7E2;4144.
 ) 
Here is how much of TeX's memory you used:
 15961 strings out of 480236
 261961 string characters out of 5893803
 596345 words of memory out of 5000000
 33330 multiletter control sequences out of 15000+600000
 517443 words of font info for 66 fonts, out of 8000000 for 9000
 14 hyphenation exceptions out of 8191
 70i,11n,77p,2984b,638s stack positions out of 5000i,500n,10000p,200000b,80000s
{/Users/mushfiqulanwarsiraji/Library/TinyTeX/texmf-dist/fonts/enc/dvips/lm/lm-ec.enc}{/Users/mushfiqulanwarsiraji/Library/TinyTeX/texmf-dist/fonts/enc/dvips/lm/lm-rm.enc}{/Users/mushfiqulanwarsiraji/Library/TinyTeX/texmf-dist/fonts/enc/dvips/lm/lm-mathsy.enc}{/Users/mushfiqulanwarsiraji/Library/TinyTeX/texmf-dist/fonts/enc/dvips/lm/lm-mathit.enc}{/Users/mushfiqulanwarsiraji/Library/TinyTeX/texmf-dist/fonts/enc/dvips/lm/lm-ts1.enc}</Users/mushfiqulanwarsiraji/Library/TinyTeX/texmf-dist/fonts/type1/public/lm/lmbx12.pfb></Users/mushfiqulanwarsiraji/Library/TinyTeX/texmf-dist/fonts/type1/public/lm/lmbxi10.pfb></Users/mushfiqulanwarsiraji/Library/TinyTeX/texmf-dist/fonts/type1/public/lm/lmmi12.pfb></Users/mushfiqulanwarsiraji/Library/TinyTeX/texmf-dist/fonts/type1/public/lm/lmr12.pfb></Users/mushfiqulanwarsiraji/Library/TinyTeX/texmf-dist/fonts/type1/public/lm/lmr8.pfb></Users/mushfiqulanwarsiraji/Library/TinyTeX/texmf-dist/fonts/type1/public/lm/lmri12.pfb></Users/mushfiqulanwarsiraji/Library/TinyTeX/texmf-dist/fonts/type1/public/lm/lmss8.pfb></Users/mushfiqulanwarsiraji/Library/TinyTeX/texmf-dist/fonts/type1/public/lm/lmsy10.pfb></Users/mushfiqulanwarsiraji/Library/TinyTeX/texmf-dist/fonts/type1/public/lm/lmtti10.pfb>
Output written on Rotterpaper.pdf (49 pages, 1152420 bytes).
PDF statistics:
 836 PDF objects out of 1000 (max. 8388607)
 739 compressed objects within 8 object streams
 292 named destinations out of 1000 (max. 500000)
 241 words of extra memory for PDF output out of 10000 (max. 10000000)

